This is pdfTeX, Version 3.141592653-2.6-1.40.26 (TeX Live 2024) (preloaded format=pdflatex 2024.3.29)  23 MAY 2024 16:03
entering extended mode
 restricted \write18 enabled.
 %&-line parsing enabled.
**main.tex
(./main.tex
LaTeX2e <2023-11-01> patch level 1
L3 programming layer <2024-03-14>
(c:/texlive/2024/texmf-dist/tex/latex/base/article.cls
Document Class: article 2023/05/17 v1.4n Standard LaTeX document class
(c:/texlive/2024/texmf-dist/tex/latex/base/size10.clo
File: size10.clo 2023/05/17 v1.4n Standard LaTeX file (size option)
)
\c@part=\count188
\c@section=\count189
\c@subsection=\count190
\c@subsubsection=\count191
\c@paragraph=\count192
\c@subparagraph=\count193
\c@figure=\count194
\c@table=\count195
\abovecaptionskip=\skip48
\belowcaptionskip=\skip49
\bibindent=\dimen140
)
(c:/texlive/2024/texmf-dist/tex/latex/amsmath/amsmath.sty
Package: amsmath 2023/05/13 v2.17o AMS math features
\@mathmargin=\skip50

For additional information on amsmath, use the `?' option.
(c:/texlive/2024/texmf-dist/tex/latex/amsmath/amstext.sty
Package: amstext 2021/08/26 v2.01 AMS text

(c:/texlive/2024/texmf-dist/tex/latex/amsmath/amsgen.sty
File: amsgen.sty 1999/11/30 v2.0 generic functions
\@emptytoks=\toks17
\ex@=\dimen141
))
(c:/texlive/2024/texmf-dist/tex/latex/amsmath/amsbsy.sty
Package: amsbsy 1999/11/29 v1.2d Bold Symbols
\pmbraise@=\dimen142
)
(c:/texlive/2024/texmf-dist/tex/latex/amsmath/amsopn.sty
Package: amsopn 2022/04/08 v2.04 operator names
)
\inf@bad=\count196
LaTeX Info: Redefining \frac on input line 234.
\uproot@=\count197
\leftroot@=\count198
LaTeX Info: Redefining \overline on input line 399.
LaTeX Info: Redefining \colon on input line 410.
\classnum@=\count199
\DOTSCASE@=\count266
LaTeX Info: Redefining \ldots on input line 496.
LaTeX Info: Redefining \dots on input line 499.
LaTeX Info: Redefining \cdots on input line 620.
\Mathstrutbox@=\box51
\strutbox@=\box52
LaTeX Info: Redefining \big on input line 722.
LaTeX Info: Redefining \Big on input line 723.
LaTeX Info: Redefining \bigg on input line 724.
LaTeX Info: Redefining \Bigg on input line 725.
\big@size=\dimen143
LaTeX Font Info:    Redeclaring font encoding OML on input line 743.
LaTeX Font Info:    Redeclaring font encoding OMS on input line 744.
\macc@depth=\count267
LaTeX Info: Redefining \bmod on input line 905.
LaTeX Info: Redefining \pmod on input line 910.
LaTeX Info: Redefining \smash on input line 940.
LaTeX Info: Redefining \relbar on input line 970.
LaTeX Info: Redefining \Relbar on input line 971.
\c@MaxMatrixCols=\count268
\dotsspace@=\muskip16
\c@parentequation=\count269
\dspbrk@lvl=\count270
\tag@help=\toks18
\row@=\count271
\column@=\count272
\maxfields@=\count273
\andhelp@=\toks19
\eqnshift@=\dimen144
\alignsep@=\dimen145
\tagshift@=\dimen146
\tagwidth@=\dimen147
\totwidth@=\dimen148
\lineht@=\dimen149
\@envbody=\toks20
\multlinegap=\skip51
\multlinetaggap=\skip52
\mathdisplay@stack=\toks21
LaTeX Info: Redefining \[ on input line 2953.
LaTeX Info: Redefining \] on input line 2954.
)
(c:/texlive/2024/texmf-dist/tex/latex/amsfonts/amssymb.sty
Package: amssymb 2013/01/14 v3.01 AMS font symbols

(c:/texlive/2024/texmf-dist/tex/latex/amsfonts/amsfonts.sty
Package: amsfonts 2013/01/14 v3.01 Basic AMSFonts support
\symAMSa=\mathgroup4
\symAMSb=\mathgroup5
LaTeX Font Info:    Redeclaring math symbol \hbar on input line 98.
LaTeX Font Info:    Overwriting math alphabet `\mathfrak' in version `bold'
(Font)                  U/euf/m/n --> U/euf/b/n on input line 106.
))
(c:/texlive/2024/texmf-dist/tex/latex/graphics/graphicx.sty
Package: graphicx 2021/09/16 v1.2d Enhanced LaTeX Graphics (DPC,SPQR)

(c:/texlive/2024/texmf-dist/tex/latex/graphics/keyval.sty
Package: keyval 2022/05/29 v1.15 key=value parser (DPC)
\KV@toks@=\toks22
)
(c:/texlive/2024/texmf-dist/tex/latex/graphics/graphics.sty
Package: graphics 2022/03/10 v1.4e Standard LaTeX Graphics (DPC,SPQR)

(c:/texlive/2024/texmf-dist/tex/latex/graphics/trig.sty
Package: trig 2021/08/11 v1.11 sin cos tan (DPC)
)
(c:/texlive/2024/texmf-dist/tex/latex/graphics-cfg/graphics.cfg
File: graphics.cfg 2016/06/04 v1.11 sample graphics configuration
)
Package graphics Info: Driver file: pdftex.def on input line 107.

(c:/texlive/2024/texmf-dist/tex/latex/graphics-def/pdftex.def
File: pdftex.def 2022/09/22 v1.2b Graphics/color driver for pdftex
))
\Gin@req@height=\dimen150
\Gin@req@width=\dimen151
)
(c:/texlive/2024/texmf-dist/tex/latex/tools/enumerate.sty
Package: enumerate 2023/07/04 v3.00 enumerate extensions (DPC)
\@enLab=\toks23
)
(c:/texlive/2024/texmf-dist/tex/latex/hyperref/hyperref.sty
Package: hyperref 2024-01-20 v7.01h Hypertext links for LaTeX

(c:/texlive/2024/texmf-dist/tex/generic/iftex/iftex.sty
Package: iftex 2022/02/03 v1.0f TeX engine tests
)
(c:/texlive/2024/texmf-dist/tex/latex/kvsetkeys/kvsetkeys.sty
Package: kvsetkeys 2022-10-05 v1.19 Key value parser (HO)
)
(c:/texlive/2024/texmf-dist/tex/generic/kvdefinekeys/kvdefinekeys.sty
Package: kvdefinekeys 2019-12-19 v1.6 Define keys (HO)
)
(c:/texlive/2024/texmf-dist/tex/generic/pdfescape/pdfescape.sty
Package: pdfescape 2019/12/09 v1.15 Implements pdfTeX's escape features (HO)

(c:/texlive/2024/texmf-dist/tex/generic/ltxcmds/ltxcmds.sty
Package: ltxcmds 2023-12-04 v1.26 LaTeX kernel commands for general use (HO)
)
(c:/texlive/2024/texmf-dist/tex/generic/pdftexcmds/pdftexcmds.sty
Package: pdftexcmds 2020-06-27 v0.33 Utility functions of pdfTeX for LuaTeX (HO
)

(c:/texlive/2024/texmf-dist/tex/generic/infwarerr/infwarerr.sty
Package: infwarerr 2019/12/03 v1.5 Providing info/warning/error messages (HO)
)
Package pdftexcmds Info: \pdf@primitive is available.
Package pdftexcmds Info: \pdf@ifprimitive is available.
Package pdftexcmds Info: \pdfdraftmode found.
))
(c:/texlive/2024/texmf-dist/tex/latex/hycolor/hycolor.sty
Package: hycolor 2020-01-27 v1.10 Color options for hyperref/bookmark (HO)
)
(c:/texlive/2024/texmf-dist/tex/latex/auxhook/auxhook.sty
Package: auxhook 2019-12-17 v1.6 Hooks for auxiliary files (HO)
)
(c:/texlive/2024/texmf-dist/tex/latex/hyperref/nameref.sty
Package: nameref 2023-11-26 v2.56 Cross-referencing by name of section

(c:/texlive/2024/texmf-dist/tex/latex/refcount/refcount.sty
Package: refcount 2019/12/15 v3.6 Data extraction from label references (HO)
)
(c:/texlive/2024/texmf-dist/tex/generic/gettitlestring/gettitlestring.sty
Package: gettitlestring 2019/12/15 v1.6 Cleanup title references (HO)

(c:/texlive/2024/texmf-dist/tex/latex/kvoptions/kvoptions.sty
Package: kvoptions 2022-06-15 v3.15 Key value format for package options (HO)
))
\c@section@level=\count274
)
(c:/texlive/2024/texmf-dist/tex/latex/etoolbox/etoolbox.sty
Package: etoolbox 2020/10/05 v2.5k e-TeX tools for LaTeX (JAW)
\etb@tempcnta=\count275
)
\@linkdim=\dimen152
\Hy@linkcounter=\count276
\Hy@pagecounter=\count277

(c:/texlive/2024/texmf-dist/tex/latex/hyperref/pd1enc.def
File: pd1enc.def 2024-01-20 v7.01h Hyperref: PDFDocEncoding definition (HO)
Now handling font encoding PD1 ...
... no UTF-8 mapping file for font encoding PD1
)
(c:/texlive/2024/texmf-dist/tex/generic/intcalc/intcalc.sty
Package: intcalc 2019/12/15 v1.3 Expandable calculations with integers (HO)
)
\Hy@SavedSpaceFactor=\count278

(c:/texlive/2024/texmf-dist/tex/latex/hyperref/puenc.def
File: puenc.def 2024-01-20 v7.01h Hyperref: PDF Unicode definition (HO)
Now handling font encoding PU ...
... no UTF-8 mapping file for font encoding PU
)
Package hyperref Info: Hyper figures OFF on input line 4179.
Package hyperref Info: Link nesting OFF on input line 4184.
Package hyperref Info: Hyper index ON on input line 4187.
Package hyperref Info: Plain pages OFF on input line 4194.
Package hyperref Info: Backreferencing OFF on input line 4199.
Package hyperref Info: Implicit mode ON; LaTeX internals redefined.
Package hyperref Info: Bookmarks ON on input line 4446.
\c@Hy@tempcnt=\count279

(c:/texlive/2024/texmf-dist/tex/latex/url/url.sty
\Urlmuskip=\muskip17
Package: url 2013/09/16  ver 3.4  Verb mode for urls, etc.
)
LaTeX Info: Redefining \url on input line 4784.
\XeTeXLinkMargin=\dimen153

(c:/texlive/2024/texmf-dist/tex/generic/bitset/bitset.sty
Package: bitset 2019/12/09 v1.3 Handle bit-vector datatype (HO)

(c:/texlive/2024/texmf-dist/tex/generic/bigintcalc/bigintcalc.sty
Package: bigintcalc 2019/12/15 v1.5 Expandable calculations on big integers (HO
)
))
\Fld@menulength=\count280
\Field@Width=\dimen154
\Fld@charsize=\dimen155
Package hyperref Info: Hyper figures OFF on input line 6063.
Package hyperref Info: Link nesting OFF on input line 6068.
Package hyperref Info: Hyper index ON on input line 6071.
Package hyperref Info: backreferencing OFF on input line 6078.
Package hyperref Info: Link coloring OFF on input line 6083.
Package hyperref Info: Link coloring with OCG OFF on input line 6088.
Package hyperref Info: PDF/A mode OFF on input line 6093.

(c:/texlive/2024/texmf-dist/tex/latex/base/atbegshi-ltx.sty
Package: atbegshi-ltx 2021/01/10 v1.0c Emulation of the original atbegshi
package with kernel methods
)
\Hy@abspage=\count281
\c@Item=\count282
\c@Hfootnote=\count283
)
Package hyperref Info: Driver (autodetected): hpdftex.

(c:/texlive/2024/texmf-dist/tex/latex/hyperref/hpdftex.def
File: hpdftex.def 2024-01-20 v7.01h Hyperref driver for pdfTeX

(c:/texlive/2024/texmf-dist/tex/latex/base/atveryend-ltx.sty
Package: atveryend-ltx 2020/08/19 v1.0a Emulation of the original atveryend pac
kage
with kernel methods
)
\Fld@listcount=\count284
\c@bookmark@seq@number=\count285

(c:/texlive/2024/texmf-dist/tex/latex/rerunfilecheck/rerunfilecheck.sty
Package: rerunfilecheck 2022-07-10 v1.10 Rerun checks for auxiliary files (HO)

(c:/texlive/2024/texmf-dist/tex/generic/uniquecounter/uniquecounter.sty
Package: uniquecounter 2019/12/15 v1.4 Provide unlimited unique counter (HO)
)
Package uniquecounter Info: New unique counter `rerunfilecheck' on input line 2
85.
)
\Hy@SectionHShift=\skip53
)
(c:/texlive/2024/texmf-dist/tex/latex/caption/subcaption.sty
Package: subcaption 2023/07/28 v1.6b Sub-captions (AR)

(c:/texlive/2024/texmf-dist/tex/latex/caption/caption.sty
Package: caption 2023/08/05 v3.6o Customizing captions (AR)

(c:/texlive/2024/texmf-dist/tex/latex/caption/caption3.sty
Package: caption3 2023/07/31 v2.4d caption3 kernel (AR)
\caption@tempdima=\dimen156
\captionmargin=\dimen157
\caption@leftmargin=\dimen158
\caption@rightmargin=\dimen159
\caption@width=\dimen160
\caption@indent=\dimen161
\caption@parindent=\dimen162
\caption@hangindent=\dimen163
Package caption Info: Standard document class detected.
)
\c@caption@flags=\count286
\c@continuedfloat=\count287
Package caption Info: hyperref package is loaded.
)
Package caption Info: New subtype `subfigure' on input line 238.
\c@subfigure=\count288
Package caption Info: New subtype `subtable' on input line 238.
\c@subtable=\count289
)
(c:/texlive/2024/texmf-dist/tex/latex/xcolor/xcolor.sty
Package: xcolor 2023/11/15 v3.01 LaTeX color extensions (UK)

(c:/texlive/2024/texmf-dist/tex/latex/graphics-cfg/color.cfg
File: color.cfg 2016/01/02 v1.6 sample color configuration
)
Package xcolor Info: Driver file: pdftex.def on input line 274.

(c:/texlive/2024/texmf-dist/tex/latex/graphics/mathcolor.ltx)
Package xcolor Info: Model `cmy' substituted by `cmy0' on input line 1350.
Package xcolor Info: Model `hsb' substituted by `rgb' on input line 1354.
Package xcolor Info: Model `RGB' extended on input line 1366.
Package xcolor Info: Model `HTML' substituted by `rgb' on input line 1368.
Package xcolor Info: Model `Hsb' substituted by `hsb' on input line 1369.
Package xcolor Info: Model `tHsb' substituted by `hsb' on input line 1370.
Package xcolor Info: Model `HSB' substituted by `hsb' on input line 1371.
Package xcolor Info: Model `Gray' substituted by `gray' on input line 1372.
Package xcolor Info: Model `wave' substituted by `hsb' on input line 1373.
)
(c:/texlive/2024/texmf-dist/tex/latex/float/float.sty
Package: float 2001/11/08 v1.3d Float enhancements (AL)
\c@float@type=\count290
\float@exts=\toks24
\float@box=\box53
\@float@everytoks=\toks25
\@floatcapt=\box54
)
(c:/texlive/2024/texmf-dist/tex/latex/l3backend/l3backend-pdftex.def
File: l3backend-pdftex.def 2024-03-14 L3 backend support: PDF output (pdfTeX)
\l__color_backend_stack_int=\count291
\l__pdf_internal_box=\box55
)
(./main.aux)
\openout1 = `main.aux'.

LaTeX Font Info:    Checking defaults for OML/cmm/m/it on input line 33.
LaTeX Font Info:    ... okay on input line 33.
LaTeX Font Info:    Checking defaults for OMS/cmsy/m/n on input line 33.
LaTeX Font Info:    ... okay on input line 33.
LaTeX Font Info:    Checking defaults for OT1/cmr/m/n on input line 33.
LaTeX Font Info:    ... okay on input line 33.
LaTeX Font Info:    Checking defaults for T1/cmr/m/n on input line 33.
LaTeX Font Info:    ... okay on input line 33.
LaTeX Font Info:    Checking defaults for TS1/cmr/m/n on input line 33.
LaTeX Font Info:    ... okay on input line 33.
LaTeX Font Info:    Checking defaults for OMX/cmex/m/n on input line 33.
LaTeX Font Info:    ... okay on input line 33.
LaTeX Font Info:    Checking defaults for U/cmr/m/n on input line 33.
LaTeX Font Info:    ... okay on input line 33.
LaTeX Font Info:    Checking defaults for PD1/pdf/m/n on input line 33.
LaTeX Font Info:    ... okay on input line 33.
LaTeX Font Info:    Checking defaults for PU/pdf/m/n on input line 33.
LaTeX Font Info:    ... okay on input line 33.
 (c:/texlive/2024/texmf-dist/tex/context/base/mkii/supp-pdf.mkii
[Loading MPS to PDF converter (version 2006.09.02).]
\scratchcounter=\count292
\scratchdimen=\dimen164
\scratchbox=\box56
\nofMPsegments=\count293
\nofMParguments=\count294
\everyMPshowfont=\toks26
\MPscratchCnt=\count295
\MPscratchDim=\dimen165
\MPnumerator=\count296
\makeMPintoPDFobject=\count297
\everyMPtoPDFconversion=\toks27
) (c:/texlive/2024/texmf-dist/tex/latex/epstopdf-pkg/epstopdf-base.sty
Package: epstopdf-base 2020-01-24 v2.11 Base part for package epstopdf
Package epstopdf-base Info: Redefining graphics rule for `.eps' on input line 4
85.

(c:/texlive/2024/texmf-dist/tex/latex/latexconfig/epstopdf-sys.cfg
File: epstopdf-sys.cfg 2010/07/13 v1.3 Configuration of (r)epstopdf for TeX Liv
e
))
Package hyperref Info: Link coloring OFF on input line 33.

(./main.out) (./main.out)
\@outlinefile=\write3
\openout3 = `main.out'.

Package caption Info: Begin \AtBeginDocument code.
Package caption Info: float package is loaded.
Package caption Info: End \AtBeginDocument code.
<figures/q1_a_dset1_train_plot.png, id=4, 462.528pt x 346.896pt>
File: figures/q1_a_dset1_train_plot.png Graphic file (type png)
<use figures/q1_a_dset1_train_plot.png>
Package pdftex.def Info: figures/q1_a_dset1_train_plot.png  used on input line 
66.
(pdftex.def)             Requested size: 187.77022pt x 140.83087pt.
<figures/q1_a_dset1_learned_dist.png, id=6, 462.528pt x 346.896pt>
File: figures/q1_a_dset1_learned_dist.png Graphic file (type png)
<use figures/q1_a_dset1_learned_dist.png>
Package pdftex.def Info: figures/q1_a_dset1_learned_dist.png  used on input lin
e 72.
(pdftex.def)             Requested size: 187.77022pt x 140.83087pt.

Underfull \hbox (badness 10000) in paragraph at lines 60--75

 []

<figures/q1_a_dset2_train_plot.png, id=7, 462.528pt x 346.896pt>
File: figures/q1_a_dset2_train_plot.png Graphic file (type png)
<use figures/q1_a_dset2_train_plot.png>
Package pdftex.def Info: figures/q1_a_dset2_train_plot.png  used on input line 
81.
(pdftex.def)             Requested size: 187.77022pt x 140.83087pt.
<figures/q1_a_dset2_learned_dist.png, id=8, 462.528pt x 346.896pt>
File: figures/q1_a_dset2_learned_dist.png Graphic file (type png)
<use figures/q1_a_dset2_learned_dist.png>
Package pdftex.def Info: figures/q1_a_dset2_learned_dist.png  used on input lin
e 87.
(pdftex.def)             Requested size: 187.77022pt x 140.83087pt.
[1{c:/texlive/2024/texmf-var/fonts/map/pdftex/updmap/pdftex.map}

 <./figures/q1_a_dset1_train_plot.png> <./figures/q1_a_dset1_learned_dist.png>]
 [2 <./figures/q1_a_dset2_train_plot.png> <./figures/q1_a_dset2_learned_dist.pn
g>]
<figures/q1_b_dset1_train_plot.png, id=30, 462.528pt x 346.896pt>
File: figures/q1_b_dset1_train_plot.png Graphic file (type png)
<use figures/q1_b_dset1_train_plot.png>
Package pdftex.def Info: figures/q1_b_dset1_train_plot.png  used on input line 
100.
(pdftex.def)             Requested size: 187.77022pt x 140.83087pt.
<figures/q1_b_dset1_learned_dist.png, id=31, 462.528pt x 346.896pt>
File: figures/q1_b_dset1_learned_dist.png Graphic file (type png)
<use figures/q1_b_dset1_learned_dist.png>
Package pdftex.def Info: figures/q1_b_dset1_learned_dist.png  used on input lin
e 106.
(pdftex.def)             Requested size: 187.77022pt x 140.83087pt.

Underfull \hbox (badness 10000) in paragraph at lines 94--109

 []

<figures/q1_b_dset2_train_plot.png, id=32, 462.528pt x 346.896pt>
File: figures/q1_b_dset2_train_plot.png Graphic file (type png)
<use figures/q1_b_dset2_train_plot.png>
Package pdftex.def Info: figures/q1_b_dset2_train_plot.png  used on input line 
115.
(pdftex.def)             Requested size: 187.77022pt x 140.83087pt.
<figures/q1_b_dset2_learned_dist.png, id=33, 462.528pt x 346.896pt>
File: figures/q1_b_dset2_learned_dist.png Graphic file (type png)
<use figures/q1_b_dset2_learned_dist.png>
Package pdftex.def Info: figures/q1_b_dset2_learned_dist.png  used on input lin
e 121.
(pdftex.def)             Requested size: 187.77022pt x 140.83087pt.
[3 <./figures/q1_b_dset1_train_plot.png> <./figures/q1_b_dset1_learned_dist.png
> <./figures/q1_b_dset2_train_plot.png> <./figures/q1_b_dset2_learned_dist.png>
]
<figures/q2_a_dset1_train_plot.png, id=45, 462.528pt x 346.896pt>
File: figures/q2_a_dset1_train_plot.png Graphic file (type png)
<use figures/q2_a_dset1_train_plot.png>
Package pdftex.def Info: figures/q2_a_dset1_train_plot.png  used on input line 
144.
(pdftex.def)             Requested size: 187.77022pt x 140.83087pt.
<figures/q2_a_dset1_samples.png, id=46, 462.528pt x 346.896pt>
File: figures/q2_a_dset1_samples.png Graphic file (type png)
<use figures/q2_a_dset1_samples.png>
Package pdftex.def Info: figures/q2_a_dset1_samples.png  used on input line 150
.
(pdftex.def)             Requested size: 187.77022pt x 140.83087pt.

Underfull \hbox (badness 10000) in paragraph at lines 138--153

 []

<figures/q2_a_dset2_train_plot.png, id=47, 462.528pt x 346.896pt>
File: figures/q2_a_dset2_train_plot.png Graphic file (type png)
<use figures/q2_a_dset2_train_plot.png>
Package pdftex.def Info: figures/q2_a_dset2_train_plot.png  used on input line 
159.
(pdftex.def)             Requested size: 187.77022pt x 140.83087pt.
<figures/q2_a_dset2_samples.png, id=48, 462.528pt x 346.896pt>
File: figures/q2_a_dset2_samples.png Graphic file (type png)
<use figures/q2_a_dset2_samples.png>
Package pdftex.def Info: figures/q2_a_dset2_samples.png  used on input line 165
.
(pdftex.def)             Requested size: 187.77022pt x 140.83087pt.
[4 <./figures/q2_a_dset1_train_plot.png> <./figures/q2_a_dset1_samples.png> <./
figures/q2_a_dset2_train_plot.png> <./figures/q2_a_dset2_samples.png>]
<figures/q2_b_dset1_train_plot.png, id=60, 462.528pt x 346.896pt>
File: figures/q2_b_dset1_train_plot.png Graphic file (type png)
<use figures/q2_b_dset1_train_plot.png>
Package pdftex.def Info: figures/q2_b_dset1_train_plot.png  used on input line 
178.
(pdftex.def)             Requested size: 187.77022pt x 140.83087pt.
<figures/q2_b_dset1_samples.png, id=61, 462.528pt x 346.896pt>
File: figures/q2_b_dset1_samples.png Graphic file (type png)
<use figures/q2_b_dset1_samples.png>
Package pdftex.def Info: figures/q2_b_dset1_samples.png  used on input line 184
.
(pdftex.def)             Requested size: 187.77022pt x 140.83087pt.

Underfull \hbox (badness 10000) in paragraph at lines 172--187

 []

<figures/q2_b_dset2_train_plot.png, id=62, 462.528pt x 346.896pt>
File: figures/q2_b_dset2_train_plot.png Graphic file (type png)
<use figures/q2_b_dset2_train_plot.png>
Package pdftex.def Info: figures/q2_b_dset2_train_plot.png  used on input line 
193.
(pdftex.def)             Requested size: 187.77022pt x 140.83087pt.
<figures/q2_b_dset2_samples.png, id=63, 462.528pt x 346.896pt>
File: figures/q2_b_dset2_samples.png Graphic file (type png)
<use figures/q2_b_dset2_samples.png>
Package pdftex.def Info: figures/q2_b_dset2_samples.png  used on input line 199
.
(pdftex.def)             Requested size: 187.77022pt x 140.83087pt.
[5 <./figures/q2_b_dset1_train_plot.png> <./figures/q2_b_dset1_samples.png> <./
figures/q2_b_dset2_train_plot.png> <./figures/q2_b_dset2_samples.png>]
<figures/q3_a_dset1_train_plot.png, id=75, 462.528pt x 346.896pt>
File: figures/q3_a_dset1_train_plot.png Graphic file (type png)
<use figures/q3_a_dset1_train_plot.png>
Package pdftex.def Info: figures/q3_a_dset1_train_plot.png  used on input line 
221.
(pdftex.def)             Requested size: 187.77022pt x 140.83087pt.
<figures/q3_a_dset1_samples.png, id=76, 462.528pt x 346.896pt>
File: figures/q3_a_dset1_samples.png Graphic file (type png)
<use figures/q3_a_dset1_samples.png>
Package pdftex.def Info: figures/q3_a_dset1_samples.png  used on input line 227
.
(pdftex.def)             Requested size: 187.77022pt x 140.83087pt.

Underfull \hbox (badness 10000) in paragraph at lines 215--230

 []

<figures/q3_a_dset2_train_plot.png, id=77, 462.528pt x 346.896pt>
File: figures/q3_a_dset2_train_plot.png Graphic file (type png)
<use figures/q3_a_dset2_train_plot.png>
Package pdftex.def Info: figures/q3_a_dset2_train_plot.png  used on input line 
236.
(pdftex.def)             Requested size: 187.77022pt x 140.83087pt.
<figures/q3_a_dset2_samples.png, id=78, 462.528pt x 346.896pt>
File: figures/q3_a_dset2_samples.png Graphic file (type png)
<use figures/q3_a_dset2_samples.png>
Package pdftex.def Info: figures/q3_a_dset2_samples.png  used on input line 242
.
(pdftex.def)             Requested size: 187.77022pt x 140.83087pt.
[6 <./figures/q3_a_dset1_train_plot.png> <./figures/q3_a_dset1_samples.png> <./
figures/q3_a_dset2_train_plot.png> <./figures/q3_a_dset2_samples.png>]
<figures/q3_b_dset1_train_plot.png, id=90, 462.528pt x 346.896pt>
File: figures/q3_b_dset1_train_plot.png Graphic file (type png)
<use figures/q3_b_dset1_train_plot.png>
Package pdftex.def Info: figures/q3_b_dset1_train_plot.png  used on input line 
255.
(pdftex.def)             Requested size: 187.77022pt x 140.83087pt.
<figures/q3_b_dset1_samples.png, id=91, 462.528pt x 346.896pt>
File: figures/q3_b_dset1_samples.png Graphic file (type png)
<use figures/q3_b_dset1_samples.png>
Package pdftex.def Info: figures/q3_b_dset1_samples.png  used on input line 261
.
(pdftex.def)             Requested size: 187.77022pt x 140.83087pt.

Underfull \hbox (badness 10000) in paragraph at lines 249--264

 []

<figures/q3_b_dset2_train_plot.png, id=92, 462.528pt x 346.896pt>
File: figures/q3_b_dset2_train_plot.png Graphic file (type png)
<use figures/q3_b_dset2_train_plot.png>
Package pdftex.def Info: figures/q3_b_dset2_train_plot.png  used on input line 
270.
(pdftex.def)             Requested size: 187.77022pt x 140.83087pt.
<figures/q3_b_dset2_samples.png, id=93, 462.528pt x 346.896pt>
File: figures/q3_b_dset2_samples.png Graphic file (type png)
<use figures/q3_b_dset2_samples.png>
Package pdftex.def Info: figures/q3_b_dset2_samples.png  used on input line 276
.
(pdftex.def)             Requested size: 187.77022pt x 140.83087pt.
[7 <./figures/q3_b_dset1_train_plot.png> <./figures/q3_b_dset1_samples.png> <./
figures/q3_b_dset2_train_plot.png> <./figures/q3_b_dset2_samples.png>]
<figures/q3_c_dset1_timing_plot.png, id=106, 462.528pt x 346.896pt>
File: figures/q3_c_dset1_timing_plot.png Graphic file (type png)
<use figures/q3_c_dset1_timing_plot.png>
Package pdftex.def Info: figures/q3_c_dset1_timing_plot.png  used on input line
 286.
(pdftex.def)             Requested size: 417.26999pt x 312.96573pt.

Underfull \hbox (badness 10000) in paragraph at lines 283--288

 []


Underfull \hbox (badness 10000) in paragraph at lines 283--288

 []

<figures/q3_c_no_cache_dset1_samples.png, id=107, 462.528pt x 346.896pt>
File: figures/q3_c_no_cache_dset1_samples.png Graphic file (type png)
<use figures/q3_c_no_cache_dset1_samples.png>
Package pdftex.def Info: figures/q3_c_no_cache_dset1_samples.png  used on input
 line 294.
(pdftex.def)             Requested size: 187.77022pt x 140.83087pt.
<figures/q3_c_with_cache_dset1_samples.png, id=108, 462.528pt x 346.896pt>
File: figures/q3_c_with_cache_dset1_samples.png Graphic file (type png)
<use figures/q3_c_with_cache_dset1_samples.png>
Package pdftex.def Info: figures/q3_c_with_cache_dset1_samples.png  used on inp
ut line 300.
(pdftex.def)             Requested size: 187.77022pt x 140.83087pt.
[8 <./figures/q3_c_dset1_timing_plot.png> <./figures/q3_c_no_cache_dset1_sample
s.png> <./figures/q3_c_with_cache_dset1_samples.png>]
<figures/q4_a_dset1_samples.png, id=119, 462.528pt x 346.896pt>
File: figures/q4_a_dset1_samples.png Graphic file (type png)
<use figures/q4_a_dset1_samples.png>
Package pdftex.def Info: figures/q4_a_dset1_samples.png  used on input line 321
.
(pdftex.def)             Requested size: 187.77022pt x 140.83087pt.
<figures/q4_a_dset2_samples.png, id=120, 462.528pt x 346.896pt>
File: figures/q4_a_dset2_samples.png Graphic file (type png)
<use figures/q4_a_dset2_samples.png>
Package pdftex.def Info: figures/q4_a_dset2_samples.png  used on input line 327
.
(pdftex.def)             Requested size: 187.77022pt x 140.83087pt.

Underfull \hbox (badness 10000) in paragraph at lines 316--330

 []


Underfull \hbox (badness 10000) in paragraph at lines 316--330

 []

<figures/q4_b_dset1_train_plot.png, id=121, 462.528pt x 346.896pt>
File: figures/q4_b_dset1_train_plot.png Graphic file (type png)
<use figures/q4_b_dset1_train_plot.png>
Package pdftex.def Info: figures/q4_b_dset1_train_plot.png  used on input line 
338.
(pdftex.def)             Requested size: 187.77022pt x 140.83087pt.
<figures/q4_b_dset1_samples.png, id=122, 462.528pt x 346.896pt>
File: figures/q4_b_dset1_samples.png Graphic file (type png)
<use figures/q4_b_dset1_samples.png>
Package pdftex.def Info: figures/q4_b_dset1_samples.png  used on input line 344
.
(pdftex.def)             Requested size: 187.77022pt x 140.83087pt.

Underfull \hbox (badness 10000) in paragraph at lines 332--347

 []

<figures/q4_b_dset2_train_plot.png, id=123, 462.528pt x 346.896pt>
File: figures/q4_b_dset2_train_plot.png Graphic file (type png)
<use figures/q4_b_dset2_train_plot.png>
Package pdftex.def Info: figures/q4_b_dset2_train_plot.png  used on input line 
353.
(pdftex.def)             Requested size: 187.77022pt x 140.83087pt.
<figures/q4_b_dset2_samples.png, id=124, 462.528pt x 346.896pt>
File: figures/q4_b_dset2_samples.png Graphic file (type png)
<use figures/q4_b_dset2_samples.png>
Package pdftex.def Info: figures/q4_b_dset2_samples.png  used on input line 359
.
(pdftex.def)             Requested size: 187.77022pt x 140.83087pt.
[9 <./figures/q4_a_dset1_samples.png> <./figures/q4_a_dset2_samples.png> <./fig
ures/q4_b_dset1_train_plot.png> <./figures/q4_b_dset1_samples.png>] [10 <./figu
res/q4_b_dset2_train_plot.png> <./figures/q4_b_dset2_samples.png>]
Underfull \hbox (badness 10000) in paragraph at lines 376--380

 []

<figures/q5_a_train_plot.png, id=144, 462.528pt x 346.896pt>
File: figures/q5_a_train_plot.png Graphic file (type png)
<use figures/q5_a_train_plot.png>
Package pdftex.def Info: figures/q5_a_train_plot.png  used on input line 390.
(pdftex.def)             Requested size: 125.18227pt x 93.88548pt.
<figures/q5_a_samples.png, id=145, 462.528pt x 346.896pt>
File: figures/q5_a_samples.png Graphic file (type png)
<use figures/q5_a_samples.png>
Package pdftex.def Info: figures/q5_a_samples.png  used on input line 396.
(pdftex.def)             Requested size: 271.22293pt x 203.42825pt.
[11 <./figures/q5_a_train_plot.png> <./figures/q5_a_samples.png>]
<figures/q6_a_train_plot.png, id=156, 462.528pt x 346.896pt>
File: figures/q6_a_train_plot.png Graphic file (type png)
<use figures/q6_a_train_plot.png>
Package pdftex.def Info: figures/q6_a_train_plot.png  used on input line 419.
(pdftex.def)             Requested size: 187.77022pt x 140.83087pt.
<figures/q6_a_samples_img_conditioned.png, id=157, 462.528pt x 346.896pt>
File: figures/q6_a_samples_img_conditioned.png Graphic file (type png)
<use figures/q6_a_samples_img_conditioned.png>
Package pdftex.def Info: figures/q6_a_samples_img_conditioned.png  used on inpu
t line 425.
(pdftex.def)             Requested size: 187.77022pt x 140.83087pt.
<figures/q6_a_samples_text_conditioned.png, id=158, 462.528pt x 346.896pt>
File: figures/q6_a_samples_text_conditioned.png Graphic file (type png)
<use figures/q6_a_samples_text_conditioned.png>
Package pdftex.def Info: figures/q6_a_samples_text_conditioned.png  used on inp
ut line 430.
(pdftex.def)             Requested size: 187.77022pt x 140.83087pt.
<figures/q6_a_samples_unconditional.png, id=159, 462.528pt x 346.896pt>
File: figures/q6_a_samples_unconditional.png Graphic file (type png)
<use figures/q6_a_samples_unconditional.png>
Package pdftex.def Info: figures/q6_a_samples_unconditional.png  used on input 
line 436.
(pdftex.def)             Requested size: 187.77022pt x 140.83087pt.

Underfull \hbox (badness 10000) in paragraph at lines 413--439

 []

[12 <./figures/q6_a_train_plot.png> <./figures/q6_a_samples_img_conditioned.png
> <./figures/q6_a_samples_text_conditioned.png> <./figures/q6_a_samples_uncondi
tional.png>] (./main.aux)
 ***********
LaTeX2e <2023-11-01> patch level 1
L3 programming layer <2024-03-14>
 ***********
Package rerunfilecheck Info: File `main.out' has not changed.
(rerunfilecheck)             Checksum: D41D8CD98F00B204E9800998ECF8427E;0.
 ) 
Here is how much of TeX's memory you used:
 11781 strings out of 474104
 189543 string characters out of 5747502
 1933496 words of memory out of 5000000
 34001 multiletter control sequences out of 15000+600000
 559328 words of font info for 40 fonts, out of 8000000 for 9000
 1141 hyphenation exceptions out of 8191
 75i,9n,79p,669b,641s stack positions out of 10000i,1000n,20000p,200000b,200000s
<c:/texlive/2024/texmf-dist/fonts/type1/public/amsfonts/cm/cmbx10.pfb><c:/tex
live/2024/texmf-dist/fonts/type1/public/amsfonts/cm/cmr10.pfb><c:/texlive/2024/
texmf-dist/fonts/type1/public/amsfonts/cm/cmr17.pfb><c:/texlive/2024/texmf-dist
/fonts/type1/public/amsfonts/cm/cmr9.pfb><c:/texlive/2024/texmf-dist/fonts/type
1/public/amsfonts/cm/cmsl10.pfb>
Output written on main.pdf (12 pages, 1252431 bytes).
PDF statistics:
 206 PDF objects out of 1000 (max. 8388607)
 102 compressed objects within 2 object streams
 45 named destinations out of 1000 (max. 500000)
 196 words of extra memory for PDF output out of 10000 (max. 10000000)

