This is pdfTeX, Version 3.141592653-2.6-1.40.22 (TeX Live 2022/dev/Debian) (preloaded format=pdflatex 2024.9.27)  26 DEC 2024 15:48
entering extended mode
 restricted \write18 enabled.
 file:line:error style messages enabled.
 %&-line parsing enabled.
**/root/deepul/homeworks/hw2/hw2_latex/main.tex
(/root/deepul/homeworks/hw2/hw2_latex/main.tex
LaTeX2e <2021-11-15> patch level 1
L3 programming layer <2022-01-21> (/usr/share/texlive/texmf-dist/tex/latex/base/article.cls
Document Class: article 2021/10/04 v1.4n Standard LaTeX document class
(/usr/share/texlive/texmf-dist/tex/latex/base/size10.clo
File: size10.clo 2021/10/04 v1.4n Standard LaTeX file (size option)
)
\c@part=\count185
\c@section=\count186
\c@subsection=\count187
\c@subsubsection=\count188
\c@paragraph=\count189
\c@subparagraph=\count190
\c@figure=\count191
\c@table=\count192
\abovecaptionskip=\skip47
\belowcaptionskip=\skip48
\bibindent=\dimen138
) (/usr/share/texlive/texmf-dist/tex/latex/amsmath/amsmath.sty
Package: amsmath 2021/10/15 v2.17l AMS math features
\@mathmargin=\skip49

For additional information on amsmath, use the `?' option.
(/usr/share/texlive/texmf-dist/tex/latex/amsmath/amstext.sty
Package: amstext 2021/08/26 v2.01 AMS text
 (/usr/share/texlive/texmf-dist/tex/latex/amsmath/amsgen.sty
File: amsgen.sty 1999/11/30 v2.0 generic functions
\@emptytoks=\toks16
\ex@=\dimen139
)) (/usr/share/texlive/texmf-dist/tex/latex/amsmath/amsbsy.sty
Package: amsbsy 1999/11/29 v1.2d Bold Symbols
\pmbraise@=\dimen140
) (/usr/share/texlive/texmf-dist/tex/latex/amsmath/amsopn.sty
Package: amsopn 2021/08/26 v2.02 operator names
)
\inf@bad=\count193
LaTeX Info: Redefining \frac on input line 234.
\uproot@=\count194
\leftroot@=\count195
LaTeX Info: Redefining \overline on input line 399.
\classnum@=\count196
\DOTSCASE@=\count197
LaTeX Info: Redefining \ldots on input line 496.
LaTeX Info: Redefining \dots on input line 499.
LaTeX Info: Redefining \cdots on input line 620.
\Mathstrutbox@=\box50
\strutbox@=\box51
\big@size=\dimen141
LaTeX Font Info:    Redeclaring font encoding OML on input line 743.
LaTeX Font Info:    Redeclaring font encoding OMS on input line 744.
\macc@depth=\count198
\c@MaxMatrixCols=\count199
\dotsspace@=\muskip16
\c@parentequation=\count266
\dspbrk@lvl=\count267
\tag@help=\toks17
\row@=\count268
\column@=\count269
\maxfields@=\count270
\andhelp@=\toks18
\eqnshift@=\dimen142
\alignsep@=\dimen143
\tagshift@=\dimen144
\tagwidth@=\dimen145
\totwidth@=\dimen146
\lineht@=\dimen147
\@envbody=\toks19
\multlinegap=\skip50
\multlinetaggap=\skip51
\mathdisplay@stack=\toks20
LaTeX Info: Redefining \[ on input line 2938.
LaTeX Info: Redefining \] on input line 2939.
) (/usr/share/texlive/texmf-dist/tex/latex/amsfonts/amssymb.sty
Package: amssymb 2013/01/14 v3.01 AMS font symbols
 (/usr/share/texlive/texmf-dist/tex/latex/amsfonts/amsfonts.sty
Package: amsfonts 2013/01/14 v3.01 Basic AMSFonts support
\symAMSa=\mathgroup4
\symAMSb=\mathgroup5
LaTeX Font Info:    Redeclaring math symbol \hbar on input line 98.
LaTeX Font Info:    Overwriting math alphabet `\mathfrak' in version `bold'
(Font)                  U/euf/m/n --> U/euf/b/n on input line 106.
)) (/usr/share/texlive/texmf-dist/tex/latex/graphics/graphicx.sty
Package: graphicx 2021/09/16 v1.2d Enhanced LaTeX Graphics (DPC,SPQR)
 (/usr/share/texlive/texmf-dist/tex/latex/graphics/keyval.sty
Package: keyval 2014/10/28 v1.15 key=value parser (DPC)
\KV@toks@=\toks21
) (/usr/share/texlive/texmf-dist/tex/latex/graphics/graphics.sty
Package: graphics 2021/03/04 v1.4d Standard LaTeX Graphics (DPC,SPQR)
 (/usr/share/texlive/texmf-dist/tex/latex/graphics/trig.sty
Package: trig 2021/08/11 v1.11 sin cos tan (DPC)
) (/usr/share/texlive/texmf-dist/tex/latex/graphics-cfg/graphics.cfg
File: graphics.cfg 2016/06/04 v1.11 sample graphics configuration
)
Package graphics Info: Driver file: pdftex.def on input line 107.
 (/usr/share/texlive/texmf-dist/tex/latex/graphics-def/pdftex.def
File: pdftex.def 2020/10/05 v1.2a Graphics/color driver for pdftex
))
\Gin@req@height=\dimen148
\Gin@req@width=\dimen149
) (/usr/share/texlive/texmf-dist/tex/latex/tools/enumerate.sty
Package: enumerate 2015/07/23 v3.00 enumerate extensions (DPC)
\@enLab=\toks22
) (/usr/share/texlive/texmf-dist/tex/latex/hyperref/hyperref.sty
Package: hyperref 2021-06-07 v7.00m Hypertext links for LaTeX
 (/usr/share/texlive/texmf-dist/tex/generic/ltxcmds/ltxcmds.sty
Package: ltxcmds 2020-05-10 v1.25 LaTeX kernel commands for general use (HO)
) (/usr/share/texlive/texmf-dist/tex/generic/iftex/iftex.sty
Package: iftex 2020/03/06 v1.0d TeX engine tests
) (/usr/share/texlive/texmf-dist/tex/generic/pdftexcmds/pdftexcmds.sty
Package: pdftexcmds 2020-06-27 v0.33 Utility functions of pdfTeX for LuaTeX (HO)
 (/usr/share/texlive/texmf-dist/tex/generic/infwarerr/infwarerr.sty
Package: infwarerr 2019/12/03 v1.5 Providing info/warning/error messages (HO)
)
Package pdftexcmds Info: \pdf@primitive is available.
Package pdftexcmds Info: \pdf@ifprimitive is available.
Package pdftexcmds Info: \pdfdraftmode found.
) (/usr/share/texlive/texmf-dist/tex/generic/kvsetkeys/kvsetkeys.sty
Package: kvsetkeys 2019/12/15 v1.18 Key value parser (HO)
) (/usr/share/texlive/texmf-dist/tex/generic/kvdefinekeys/kvdefinekeys.sty
Package: kvdefinekeys 2019-12-19 v1.6 Define keys (HO)
) (/usr/share/texlive/texmf-dist/tex/generic/pdfescape/pdfescape.sty
Package: pdfescape 2019/12/09 v1.15 Implements pdfTeX's escape features (HO)
) (/usr/share/texlive/texmf-dist/tex/latex/hycolor/hycolor.sty
Package: hycolor 2020-01-27 v1.10 Color options for hyperref/bookmark (HO)
) (/usr/share/texlive/texmf-dist/tex/latex/letltxmacro/letltxmacro.sty
Package: letltxmacro 2019/12/03 v1.6 Let assignment for LaTeX macros (HO)
) (/usr/share/texlive/texmf-dist/tex/latex/auxhook/auxhook.sty
Package: auxhook 2019-12-17 v1.6 Hooks for auxiliary files (HO)
) (/usr/share/texlive/texmf-dist/tex/latex/kvoptions/kvoptions.sty
Package: kvoptions 2020-10-07 v3.14 Key value format for package options (HO)
)
\@linkdim=\dimen150
\Hy@linkcounter=\count271
\Hy@pagecounter=\count272
 (/usr/share/texlive/texmf-dist/tex/latex/hyperref/pd1enc.def
File: pd1enc.def 2021-06-07 v7.00m Hyperref: PDFDocEncoding definition (HO)
Now handling font encoding PD1 ...
... no UTF-8 mapping file for font encoding PD1
) (/usr/share/texlive/texmf-dist/tex/latex/hyperref/hyperref-langpatches.def
File: hyperref-langpatches.def 2021-06-07 v7.00m Hyperref: patches for babel languages
) (/usr/share/texlive/texmf-dist/tex/generic/intcalc/intcalc.sty
Package: intcalc 2019/12/15 v1.3 Expandable calculations with integers (HO)
) (/usr/share/texlive/texmf-dist/tex/generic/etexcmds/etexcmds.sty
Package: etexcmds 2019/12/15 v1.7 Avoid name clashes with e-TeX commands (HO)
)
\Hy@SavedSpaceFactor=\count273
 (/usr/share/texlive/texmf-dist/tex/latex/hyperref/puenc.def
File: puenc.def 2021-06-07 v7.00m Hyperref: PDF Unicode definition (HO)
Now handling font encoding PU ...
... no UTF-8 mapping file for font encoding PU
)
Package hyperref Info: Hyper figures OFF on input line 4192.
Package hyperref Info: Link nesting OFF on input line 4197.
Package hyperref Info: Hyper index ON on input line 4200.
Package hyperref Info: Plain pages OFF on input line 4207.
Package hyperref Info: Backreferencing OFF on input line 4212.
Package hyperref Info: Implicit mode ON; LaTeX internals redefined.
Package hyperref Info: Bookmarks ON on input line 4445.
\c@Hy@tempcnt=\count274
 (/usr/share/texlive/texmf-dist/tex/latex/url/url.sty
\Urlmuskip=\muskip17
Package: url 2013/09/16  ver 3.4  Verb mode for urls, etc.
)
LaTeX Info: Redefining \url on input line 4804.
\XeTeXLinkMargin=\dimen151
 (/usr/share/texlive/texmf-dist/tex/generic/bitset/bitset.sty
Package: bitset 2019/12/09 v1.3 Handle bit-vector datatype (HO)
 (/usr/share/texlive/texmf-dist/tex/generic/bigintcalc/bigintcalc.sty
Package: bigintcalc 2019/12/15 v1.5 Expandable calculations on big integers (HO)
))
\Fld@menulength=\count275
\Field@Width=\dimen152
\Fld@charsize=\dimen153
Package hyperref Info: Hyper figures OFF on input line 6076.
Package hyperref Info: Link nesting OFF on input line 6081.
Package hyperref Info: Hyper index ON on input line 6084.
Package hyperref Info: backreferencing OFF on input line 6091.
Package hyperref Info: Link coloring OFF on input line 6096.
Package hyperref Info: Link coloring with OCG OFF on input line 6101.
Package hyperref Info: PDF/A mode OFF on input line 6106.
LaTeX Info: Redefining \ref on input line 6146.
LaTeX Info: Redefining \pageref on input line 6150.
 (/usr/share/texlive/texmf-dist/tex/latex/base/atbegshi-ltx.sty
Package: atbegshi-ltx 2021/01/10 v1.0c Emulation of the original atbegshi
package with kernel methods
)
\Hy@abspage=\count276
\c@Item=\count277
\c@Hfootnote=\count278
)
Package hyperref Info: Driver (autodetected): hpdftex.
 (/usr/share/texlive/texmf-dist/tex/latex/hyperref/hpdftex.def
File: hpdftex.def 2021-06-07 v7.00m Hyperref driver for pdfTeX
 (/usr/share/texlive/texmf-dist/tex/latex/base/atveryend-ltx.sty
Package: atveryend-ltx 2020/08/19 v1.0a Emulation of the original atveryend package
with kernel methods
)
\Fld@listcount=\count279
\c@bookmark@seq@number=\count280
 (/usr/share/texlive/texmf-dist/tex/latex/rerunfilecheck/rerunfilecheck.sty
Package: rerunfilecheck 2019/12/05 v1.9 Rerun checks for auxiliary files (HO)
 (/usr/share/texlive/texmf-dist/tex/generic/uniquecounter/uniquecounter.sty
Package: uniquecounter 2019/12/15 v1.4 Provide unlimited unique counter (HO)
)
Package uniquecounter Info: New unique counter `rerunfilecheck' on input line 286.
)
\Hy@SectionHShift=\skip52
) (/usr/share/texlive/texmf-dist/tex/latex/caption/subcaption.sty
Package: subcaption 2020/10/07 v1.3j Sub-captions (AR)
 (/usr/share/texlive/texmf-dist/tex/latex/caption/caption.sty
Package: caption 2020/10/26 v3.5g Customizing captions (AR)
 (/usr/share/texlive/texmf-dist/tex/latex/caption/caption3.sty
Package: caption3 2020/10/21 v2.2e caption3 kernel (AR)
\captionmargin=\dimen154
\captionmargin@=\dimen155
\captionwidth=\dimen156
\caption@tempdima=\dimen157
\caption@indent=\dimen158
\caption@parindent=\dimen159
\caption@hangindent=\dimen160
Package caption Info: Standard document class detected.
)
\c@caption@flags=\count281
\c@continuedfloat=\count282
Package caption Info: hyperref package is loaded.
)
\c@subfigure=\count283
\c@subtable=\count284
) (/usr/share/texlive/texmf-dist/tex/latex/xcolor/xcolor.sty
Package: xcolor 2021/10/31 v2.13 LaTeX color extensions (UK)
 (/usr/share/texlive/texmf-dist/tex/latex/graphics-cfg/color.cfg
File: color.cfg 2016/01/02 v1.6 sample color configuration
)
Package xcolor Info: Driver file: pdftex.def on input line 227.
Package xcolor Info: Model `cmy' substituted by `cmy0' on input line 1352.
Package xcolor Info: Model `hsb' substituted by `rgb' on input line 1356.
Package xcolor Info: Model `RGB' extended on input line 1368.
Package xcolor Info: Model `HTML' substituted by `rgb' on input line 1370.
Package xcolor Info: Model `Hsb' substituted by `hsb' on input line 1371.
Package xcolor Info: Model `tHsb' substituted by `hsb' on input line 1372.
Package xcolor Info: Model `HSB' substituted by `hsb' on input line 1373.
Package xcolor Info: Model `Gray' substituted by `gray' on input line 1374.
Package xcolor Info: Model `wave' substituted by `hsb' on input line 1375.
) (/usr/share/texlive/texmf-dist/tex/latex/float/float.sty
Package: float 2001/11/08 v1.3d Float enhancements (AL)
\c@float@type=\count285
\float@exts=\toks23
\float@box=\box52
\@float@everytoks=\toks24
\@floatcapt=\box53
) (/usr/share/texlive/texmf-dist/tex/latex/l3backend/l3backend-pdftex.def
File: l3backend-pdftex.def 2022-01-12 L3 backend support: PDF output (pdfTeX)
\l__color_backend_stack_int=\count286
\l__pdf_internal_box=\box54
) (./main.aux)
\openout1 = `main.aux'.

LaTeX Font Info:    Checking defaults for OML/cmm/m/it on input line 33.
LaTeX Font Info:    ... okay on input line 33.
LaTeX Font Info:    Checking defaults for OMS/cmsy/m/n on input line 33.
LaTeX Font Info:    ... okay on input line 33.
LaTeX Font Info:    Checking defaults for OT1/cmr/m/n on input line 33.
LaTeX Font Info:    ... okay on input line 33.
LaTeX Font Info:    Checking defaults for T1/cmr/m/n on input line 33.
LaTeX Font Info:    ... okay on input line 33.
LaTeX Font Info:    Checking defaults for TS1/cmr/m/n on input line 33.
LaTeX Font Info:    ... okay on input line 33.
LaTeX Font Info:    Checking defaults for OMX/cmex/m/n on input line 33.
LaTeX Font Info:    ... okay on input line 33.
LaTeX Font Info:    Checking defaults for U/cmr/m/n on input line 33.
LaTeX Font Info:    ... okay on input line 33.
LaTeX Font Info:    Checking defaults for PD1/pdf/m/n on input line 33.
LaTeX Font Info:    ... okay on input line 33.
LaTeX Font Info:    Checking defaults for PU/pdf/m/n on input line 33.
LaTeX Font Info:    ... okay on input line 33.
 (/usr/share/texlive/texmf-dist/tex/context/base/mkii/supp-pdf.mkii
[Loading MPS to PDF converter (version 2006.09.02).]
\scratchcounter=\count287
\scratchdimen=\dimen161
\scratchbox=\box55
\nofMPsegments=\count288
\nofMParguments=\count289
\everyMPshowfont=\toks25
\MPscratchCnt=\count290
\MPscratchDim=\dimen162
\MPnumerator=\count291
\makeMPintoPDFobject=\count292
\everyMPtoPDFconversion=\toks26
) (/usr/share/texlive/texmf-dist/tex/latex/epstopdf-pkg/epstopdf-base.sty
Package: epstopdf-base 2020-01-24 v2.11 Base part for package epstopdf
Package epstopdf-base Info: Redefining graphics rule for `.eps' on input line 485.
 (/usr/share/texlive/texmf-dist/tex/latex/latexconfig/epstopdf-sys.cfg
File: epstopdf-sys.cfg 2010/07/13 v1.3 Configuration of (r)epstopdf for TeX Live
))
Package hyperref Info: Link coloring OFF on input line 33.
 (/usr/share/texlive/texmf-dist/tex/latex/hyperref/nameref.sty
Package: nameref 2021-04-02 v2.47 Cross-referencing by name of section
 (/usr/share/texlive/texmf-dist/tex/latex/refcount/refcount.sty
Package: refcount 2019/12/15 v3.6 Data extraction from label references (HO)
) (/usr/share/texlive/texmf-dist/tex/generic/gettitlestring/gettitlestring.sty
Package: gettitlestring 2019/12/15 v1.6 Cleanup title references (HO)
)
\c@section@level=\count293
)
LaTeX Info: Redefining \ref on input line 33.
LaTeX Info: Redefining \pageref on input line 33.
LaTeX Info: Redefining \nameref on input line 33.
 (./main.out) (./main.out)
\@outlinefile=\write3
\openout3 = `main.out'.

Package caption Info: Begin \AtBeginDocument code.
Package caption Info: float package is loaded.
Package caption Info: End \AtBeginDocument code.
<figures/q1_a_dset1_train_plot.png, id=4, 462.528pt x 346.896pt>
File: figures/q1_a_dset1_train_plot.png Graphic file (type png)
<use figures/q1_a_dset1_train_plot.png>
Package pdftex.def Info: figures/q1_a_dset1_train_plot.png  used on input line 62.
(pdftex.def)             Requested size: 133.52945pt x 100.14734pt.
LaTeX Font Info:    Trying to load font information for U+msa on input line 64.
 (/usr/share/texlive/texmf-dist/tex/latex/amsfonts/umsa.fd
File: umsa.fd 2013/01/14 v3.01 AMS symbols A
)
LaTeX Font Info:    Trying to load font information for U+msb on input line 64.
 (/usr/share/texlive/texmf-dist/tex/latex/amsfonts/umsb.fd
File: umsb.fd 2013/01/14 v3.01 AMS symbols B
)
<figures/q1_a_dset1_sample_with_noise.png, id=6, 462.528pt x 346.896pt>
File: figures/q1_a_dset1_sample_with_noise.png Graphic file (type png)
<use figures/q1_a_dset1_sample_with_noise.png>
Package pdftex.def Info: figures/q1_a_dset1_sample_with_noise.png  used on input line 67.
(pdftex.def)             Requested size: 133.52945pt x 100.14734pt.
<figures/q1_a_dset1_sample_without_noise.png, id=7, 462.528pt x 346.896pt>
File: figures/q1_a_dset1_sample_without_noise.png Graphic file (type png)
<use figures/q1_a_dset1_sample_without_noise.png>
Package pdftex.def Info: figures/q1_a_dset1_sample_without_noise.png  used on input line 72.
(pdftex.def)             Requested size: 133.52945pt x 100.14734pt.

Underfull \hbox (badness 10000) in paragraph at lines 56--76

 []

<figures/q1_a_dset2_train_plot.png, id=8, 462.528pt x 346.896pt>
File: figures/q1_a_dset2_train_plot.png Graphic file (type png)
<use figures/q1_a_dset2_train_plot.png>
Package pdftex.def Info: figures/q1_a_dset2_train_plot.png  used on input line 82.
(pdftex.def)             Requested size: 133.52945pt x 100.14734pt.
<figures/q1_a_dset2_sample_with_noise.png, id=9, 462.528pt x 346.896pt>
File: figures/q1_a_dset2_sample_with_noise.png Graphic file (type png)
<use figures/q1_a_dset2_sample_with_noise.png>
Package pdftex.def Info: figures/q1_a_dset2_sample_with_noise.png  used on input line 87.
(pdftex.def)             Requested size: 133.52945pt x 100.14734pt.
<figures/q1_a_dset2_sample_without_noise.png, id=10, 462.528pt x 346.896pt>
File: figures/q1_a_dset2_sample_without_noise.png Graphic file (type png)
<use figures/q1_a_dset2_sample_without_noise.png>
Package pdftex.def Info: figures/q1_a_dset2_sample_without_noise.png  used on input line 92.
(pdftex.def)             Requested size: 133.52945pt x 100.14734pt.
[1{/var/lib/texmf/fonts/map/pdftex/updmap/pdftex.map}

 <./figures/q1_a_dset1_train_plot.png> <./figures/q1_a_dset1_sample_with_noise.png> <./figures/q1_a_dset1_sample_without_noise.png> <./figures/q1_a_dset2_train_plot.png> <./figures/q1_a_dset2_sample_with_noise.png> <./figures/q1_a_dset2_sample_without_noise.png>]
<figures/q1_b_dset1_train_plot.png, id=30, 462.528pt x 346.896pt>
File: figures/q1_b_dset1_train_plot.png Graphic file (type png)
<use figures/q1_b_dset1_train_plot.png>
Package pdftex.def Info: figures/q1_b_dset1_train_plot.png  used on input line 106.
(pdftex.def)             Requested size: 133.52945pt x 100.14734pt.
<figures/q1_b_dset1_sample_with_noise.png, id=31, 462.528pt x 346.896pt>
File: figures/q1_b_dset1_sample_with_noise.png Graphic file (type png)
<use figures/q1_b_dset1_sample_with_noise.png>
Package pdftex.def Info: figures/q1_b_dset1_sample_with_noise.png  used on input line 111.
(pdftex.def)             Requested size: 133.52945pt x 100.14734pt.
<figures/q1_b_dset1_sample_without_noise.png, id=32, 462.528pt x 346.896pt>
File: figures/q1_b_dset1_sample_without_noise.png Graphic file (type png)
<use figures/q1_b_dset1_sample_without_noise.png>
Package pdftex.def Info: figures/q1_b_dset1_sample_without_noise.png  used on input line 116.
(pdftex.def)             Requested size: 133.52945pt x 100.14734pt.

Underfull \hbox (badness 10000) in paragraph at lines 100--120

 []

<figures/q1_b_dset2_train_plot.png, id=33, 462.528pt x 346.896pt>
File: figures/q1_b_dset2_train_plot.png Graphic file (type png)
<use figures/q1_b_dset2_train_plot.png>
Package pdftex.def Info: figures/q1_b_dset2_train_plot.png  used on input line 126.
(pdftex.def)             Requested size: 133.52945pt x 100.14734pt.
<figures/q1_b_dset2_sample_with_noise.png, id=34, 462.528pt x 346.896pt>
File: figures/q1_b_dset2_sample_with_noise.png Graphic file (type png)
<use figures/q1_b_dset2_sample_with_noise.png>
Package pdftex.def Info: figures/q1_b_dset2_sample_with_noise.png  used on input line 131.
(pdftex.def)             Requested size: 133.52945pt x 100.14734pt.
<figures/q1_b_dset2_sample_without_noise.png, id=35, 462.528pt x 346.896pt>
File: figures/q1_b_dset2_sample_without_noise.png Graphic file (type png)
<use figures/q1_b_dset2_sample_without_noise.png>
Package pdftex.def Info: figures/q1_b_dset2_sample_without_noise.png  used on input line 136.
(pdftex.def)             Requested size: 133.52945pt x 100.14734pt.
[2 <./figures/q1_b_dset1_train_plot.png> <./figures/q1_b_dset1_sample_with_noise.png> <./figures/q1_b_dset1_sample_without_noise.png> <./figures/q1_b_dset2_train_plot.png> <./figures/q1_b_dset2_sample_with_noise.png> <./figures/q1_b_dset2_sample_without_noise.png>]
<figures/q2_a_dset1_train_plot.png, id=49, 462.528pt x 346.896pt>
File: figures/q2_a_dset1_train_plot.png Graphic file (type png)
<use figures/q2_a_dset1_train_plot.png>
Package pdftex.def Info: figures/q2_a_dset1_train_plot.png  used on input line 162.
(pdftex.def)             Requested size: 198.20578pt x 148.65422pt.
<figures/q2_a_dset1_samples.png, id=50, 462.528pt x 346.896pt>
File: figures/q2_a_dset1_samples.png Graphic file (type png)
<use figures/q2_a_dset1_samples.png>
Package pdftex.def Info: figures/q2_a_dset1_samples.png  used on input line 168.
(pdftex.def)             Requested size: 198.20578pt x 148.65422pt.
<figures/q2_a_dset1_reconstructions.png, id=51, 462.528pt x 346.896pt>
File: figures/q2_a_dset1_reconstructions.png Graphic file (type png)
<use figures/q2_a_dset1_reconstructions.png>
Package pdftex.def Info: figures/q2_a_dset1_reconstructions.png  used on input line 174.
(pdftex.def)             Requested size: 198.20578pt x 148.65422pt.
<figures/q2_a_dset1_interpolations.png, id=52, 462.528pt x 346.896pt>
File: figures/q2_a_dset1_interpolations.png Graphic file (type png)
<use figures/q2_a_dset1_interpolations.png>
Package pdftex.def Info: figures/q2_a_dset1_interpolations.png  used on input line 180.
(pdftex.def)             Requested size: 198.20578pt x 148.65422pt.

Underfull \hbox (badness 10000) in paragraph at lines 156--184

 []

[3 <./figures/q2_a_dset1_train_plot.png> <./figures/q2_a_dset1_samples.png> <./figures/q2_a_dset1_reconstructions.png> <./figures/q2_a_dset1_interpolations.png>]
<figures/q2_a_dset2_train_plot.png, id=63, 462.528pt x 346.896pt>
File: figures/q2_a_dset2_train_plot.png Graphic file (type png)
<use figures/q2_a_dset2_train_plot.png>
Package pdftex.def Info: figures/q2_a_dset2_train_plot.png  used on input line 193.
(pdftex.def)             Requested size: 198.20578pt x 148.65422pt.
<figures/q2_a_dset2_samples.png, id=64, 462.528pt x 346.896pt>
File: figures/q2_a_dset2_samples.png Graphic file (type png)
<use figures/q2_a_dset2_samples.png>
Package pdftex.def Info: figures/q2_a_dset2_samples.png  used on input line 199.
(pdftex.def)             Requested size: 198.20578pt x 148.65422pt.
<figures/q2_a_dset2_reconstructions.png, id=65, 462.528pt x 346.896pt>
File: figures/q2_a_dset2_reconstructions.png Graphic file (type png)
<use figures/q2_a_dset2_reconstructions.png>
Package pdftex.def Info: figures/q2_a_dset2_reconstructions.png  used on input line 205.
(pdftex.def)             Requested size: 198.20578pt x 148.65422pt.
<figures/q2_a_dset2_interpolations.png, id=66, 462.528pt x 346.896pt>
File: figures/q2_a_dset2_interpolations.png Graphic file (type png)
<use figures/q2_a_dset2_interpolations.png>
Package pdftex.def Info: figures/q2_a_dset2_interpolations.png  used on input line 211.
(pdftex.def)             Requested size: 198.20578pt x 148.65422pt.
 [4 <./figures/q2_a_dset2_train_plot.png> <./figures/q2_a_dset2_samples.png> <./figures/q2_a_dset2_reconstructions.png> <./figures/q2_a_dset2_interpolations.png>]
<figures/q2_b_dset1_train_plot.png, id=76, 462.528pt x 346.896pt>
File: figures/q2_b_dset1_train_plot.png Graphic file (type png)
<use figures/q2_b_dset1_train_plot.png>
Package pdftex.def Info: figures/q2_b_dset1_train_plot.png  used on input line 225.
(pdftex.def)             Requested size: 198.20578pt x 148.65422pt.
<figures/q2_b_dset1_samples.png, id=77, 462.528pt x 346.896pt>
File: figures/q2_b_dset1_samples.png Graphic file (type png)
<use figures/q2_b_dset1_samples.png>
Package pdftex.def Info: figures/q2_b_dset1_samples.png  used on input line 231.
(pdftex.def)             Requested size: 198.20578pt x 148.65422pt.
<figures/q2_b_dset1_reconstructions.png, id=78, 462.528pt x 346.896pt>
File: figures/q2_b_dset1_reconstructions.png Graphic file (type png)
<use figures/q2_b_dset1_reconstructions.png>
Package pdftex.def Info: figures/q2_b_dset1_reconstructions.png  used on input line 237.
(pdftex.def)             Requested size: 198.20578pt x 148.65422pt.
<figures/q2_b_dset1_interpolations.png, id=79, 462.528pt x 346.896pt>
File: figures/q2_b_dset1_interpolations.png Graphic file (type png)
<use figures/q2_b_dset1_interpolations.png>
Package pdftex.def Info: figures/q2_b_dset1_interpolations.png  used on input line 243.
(pdftex.def)             Requested size: 198.20578pt x 148.65422pt.

Underfull \hbox (badness 10000) in paragraph at lines 219--247

 []

[5 <./figures/q2_b_dset1_train_plot.png> <./figures/q2_b_dset1_samples.png> <./figures/q2_b_dset1_reconstructions.png> <./figures/q2_b_dset1_interpolations.png>]
<figures/q2_b_dset2_train_plot.png, id=90, 462.528pt x 346.896pt>
File: figures/q2_b_dset2_train_plot.png Graphic file (type png)
<use figures/q2_b_dset2_train_plot.png>
Package pdftex.def Info: figures/q2_b_dset2_train_plot.png  used on input line 256.
(pdftex.def)             Requested size: 198.20578pt x 148.65422pt.
<figures/q2_b_dset2_samples.png, id=91, 462.528pt x 346.896pt>
File: figures/q2_b_dset2_samples.png Graphic file (type png)
<use figures/q2_b_dset2_samples.png>
Package pdftex.def Info: figures/q2_b_dset2_samples.png  used on input line 262.
(pdftex.def)             Requested size: 198.20578pt x 148.65422pt.
<figures/q2_b_dset2_reconstructions.png, id=92, 462.528pt x 346.896pt>
File: figures/q2_b_dset2_reconstructions.png Graphic file (type png)
<use figures/q2_b_dset2_reconstructions.png>
Package pdftex.def Info: figures/q2_b_dset2_reconstructions.png  used on input line 268.
(pdftex.def)             Requested size: 198.20578pt x 148.65422pt.
<figures/q2_b_dset2_interpolations.png, id=93, 462.528pt x 346.896pt>
File: figures/q2_b_dset2_interpolations.png Graphic file (type png)
<use figures/q2_b_dset2_interpolations.png>
Package pdftex.def Info: figures/q2_b_dset2_interpolations.png  used on input line 274.
(pdftex.def)             Requested size: 198.20578pt x 148.65422pt.
 [6 <./figures/q2_b_dset2_train_plot.png> <./figures/q2_b_dset2_samples.png> <./figures/q2_b_dset2_reconstructions.png> <./figures/q2_b_dset2_interpolations.png>]
<figures/q3_dset1_vqvae_train_plot.png, id=103, 462.528pt x 346.896pt>
File: figures/q3_dset1_vqvae_train_plot.png Graphic file (type png)
<use figures/q3_dset1_vqvae_train_plot.png>
Package pdftex.def Info: figures/q3_dset1_vqvae_train_plot.png  used on input line 295.
(pdftex.def)             Requested size: 198.20578pt x 148.65422pt.
<figures/q3_dset1_prior_train_plot.png, id=104, 462.528pt x 346.896pt>
File: figures/q3_dset1_prior_train_plot.png Graphic file (type png)
<use figures/q3_dset1_prior_train_plot.png>
Package pdftex.def Info: figures/q3_dset1_prior_train_plot.png  used on input line 301.
(pdftex.def)             Requested size: 198.20578pt x 148.65422pt.
<figures/q3_dset1_samples.png, id=105, 462.528pt x 346.896pt>
File: figures/q3_dset1_samples.png Graphic file (type png)
<use figures/q3_dset1_samples.png>
Package pdftex.def Info: figures/q3_dset1_samples.png  used on input line 307.
(pdftex.def)             Requested size: 198.20578pt x 148.65422pt.
<figures/q3_dset1_reconstructions.png, id=106, 462.528pt x 346.896pt>
File: figures/q3_dset1_reconstructions.png Graphic file (type png)
<use figures/q3_dset1_reconstructions.png>
Package pdftex.def Info: figures/q3_dset1_reconstructions.png  used on input line 313.
(pdftex.def)             Requested size: 198.20578pt x 148.65422pt.
 [7 <./figures/q3_dset1_vqvae_train_plot.png> <./figures/q3_dset1_prior_train_plot.png> <./figures/q3_dset1_samples.png> <./figures/q3_dset1_reconstructions.png>]
<figures/q3_dset2_vqvae_train_plot.png, id=117, 462.528pt x 346.896pt>
File: figures/q3_dset2_vqvae_train_plot.png Graphic file (type png)
<use figures/q3_dset2_vqvae_train_plot.png>
Package pdftex.def Info: figures/q3_dset2_vqvae_train_plot.png  used on input line 326.
(pdftex.def)             Requested size: 198.20578pt x 148.65422pt.
<figures/q3_dset2_prior_train_plot.png, id=118, 462.528pt x 346.896pt>
File: figures/q3_dset2_prior_train_plot.png Graphic file (type png)
<use figures/q3_dset2_prior_train_plot.png>
Package pdftex.def Info: figures/q3_dset2_prior_train_plot.png  used on input line 332.
(pdftex.def)             Requested size: 198.20578pt x 148.65422pt.
<figures/q3_dset2_samples.png, id=119, 462.528pt x 346.896pt>
File: figures/q3_dset2_samples.png Graphic file (type png)
<use figures/q3_dset2_samples.png>
Package pdftex.def Info: figures/q3_dset2_samples.png  used on input line 338.
(pdftex.def)             Requested size: 198.20578pt x 148.65422pt.
<figures/q3_dset2_reconstructions.png, id=120, 462.528pt x 346.896pt>
File: figures/q3_dset2_reconstructions.png Graphic file (type png)
<use figures/q3_dset2_reconstructions.png>
Package pdftex.def Info: figures/q3_dset2_reconstructions.png  used on input line 344.
(pdftex.def)             Requested size: 198.20578pt x 148.65422pt.
 [8 <./figures/q3_dset2_vqvae_train_plot.png> <./figures/q3_dset2_prior_train_plot.png> <./figures/q3_dset2_samples.png> <./figures/q3_dset2_reconstructions.png>] (./main.aux)
Package rerunfilecheck Info: File `main.out' has not changed.
(rerunfilecheck)             Checksum: D41D8CD98F00B204E9800998ECF8427E;0.
 ) 
Here is how much of TeX's memory you used:
 11446 strings out of 480247
 186649 string characters out of 5896151
 466426 words of memory out of 5000000
 29205 multiletter control sequences out of 15000+600000
 472217 words of font info for 40 fonts, out of 8000000 for 9000
 14 hyphenation exceptions out of 8191
 67i,9n,77p,619b,596s stack positions out of 5000i,500n,10000p,200000b,80000s
</usr/share/texlive/texmf-dist/fonts/type1/public/amsfonts/cm/cmbx10.pfb></usr/share/texlive/texmf-dist/fonts/type1/public/amsfonts/cm/cmr10.pfb></usr/share/texlive/texmf-dist/fonts/type1/public/amsfonts/cm/cmr17.pfb></usr/share/texlive/texmf-dist/fonts/type1/public/amsfonts/cm/cmr9.pfb></usr/share/texlive/texmf-dist/fonts/type1/public/amsfonts/cm/cmsl10.pfb>
Output written on main.pdf (8 pages, 7463436 bytes).
PDF statistics:
 159 PDF objects out of 1000 (max. 8388607)
 66 compressed objects within 1 object stream
 23 named destinations out of 1000 (max. 500000)
 181 words of extra memory for PDF output out of 10000 (max. 10000000)

